<?xml version="1.0" encoding="UTF-8"?>
<testng-results ignored="0" total="12" passed="11" failed="1" skipped="0">
  <reporter-output>
  </reporter-output>
  <suite started-at="2025-02-03T10:53:01 IST" name="Suite" finished-at="2025-02-03T10:53:13 IST" duration-ms="11882">
    <groups>
    </groups>
    <test started-at="2025-02-03T10:53:01 IST" name="paracheck" finished-at="2025-02-03T10:53:13 IST" duration-ms="11882">
      <class name="testcases.SignInTest">
        <test-method is-config="true" signature="setup(java.lang.String,java.lang.String)[pri:0, instance:testcases.SignInTest@4e0ae11f]" started-at="2025-02-03T10:53:01 IST" name="setup" finished-at="2025-02-03T10:53:10 IST" duration-ms="8805" status="PASS">
          <params>
            <param index="0">
              <value>
                <![CDATA[windows]]>
              </value>
            </param>
            <param index="1">
              <value>
                <![CDATA[chrome]]>
              </value>
            </param>
          </params>
          <reporter-output>
          </reporter-output>
        </test-method> <!-- setup -->
        <test-method signature="ValidateUrl()[pri:1, instance:testcases.SignInTest@4e0ae11f]" started-at="2025-02-03T10:53:10 IST" name="ValidateUrl" finished-at="2025-02-03T10:53:10 IST" duration-ms="266" status="PASS">
          <reporter-output>
          </reporter-output>
        </test-method> <!-- ValidateUrl -->
        <test-method signature="IsLogoDisplayed()[pri:2, instance:testcases.SignInTest@4e0ae11f]" started-at="2025-02-03T10:53:11 IST" name="IsLogoDisplayed" finished-at="2025-02-03T10:53:11 IST" duration-ms="98" status="PASS">
          <reporter-output>
          </reporter-output>
        </test-method> <!-- IsLogoDisplayed -->
        <test-method signature="IsWelcomeDisplayed()[pri:5, instance:testcases.SignInTest@4e0ae11f]" started-at="2025-02-03T10:53:11 IST" name="IsWelcomeDisplayed" finished-at="2025-02-03T10:53:11 IST" duration-ms="82" status="PASS">
          <reporter-output>
          </reporter-output>
        </test-method> <!-- IsWelcomeDisplayed -->
        <test-method signature="IsrememberDisplayed()[pri:6, instance:testcases.SignInTest@4e0ae11f]" started-at="2025-02-03T10:53:11 IST" name="IsrememberDisplayed" finished-at="2025-02-03T10:53:11 IST" duration-ms="63" status="PASS">
          <reporter-output>
          </reporter-output>
        </test-method> <!-- IsrememberDisplayed -->
        <test-method signature="SignInDisplayed()[pri:7, instance:testcases.SignInTest@4e0ae11f]" started-at="2025-02-03T10:53:11 IST" name="SignInDisplayed" finished-at="2025-02-03T10:53:11 IST" duration-ms="41" status="PASS">
          <reporter-output>
          </reporter-output>
        </test-method> <!-- SignInDisplayed -->
        <test-method signature="rememberClick()[pri:8, instance:testcases.SignInTest@4e0ae11f]" started-at="2025-02-03T10:53:11 IST" name="rememberClick" finished-at="2025-02-03T10:53:11 IST" duration-ms="129" status="PASS">
          <reporter-output>
          </reporter-output>
        </test-method> <!-- rememberClick -->
        <test-method signature="IsForgot()[pri:9, instance:testcases.SignInTest@4e0ae11f]" started-at="2025-02-03T10:53:11 IST" name="IsForgot" finished-at="2025-02-03T10:53:11 IST" duration-ms="180" status="FAIL">
          <exception class="java.lang.AssertionError">
            <message>
              <![CDATA[did not expect [https://erpindia.inscol.com/auth/sign-in] but found [https://erpindia.inscol.com/auth/sign-in]]]>
            </message>
            <full-stacktrace>
              <![CDATA[java.lang.AssertionError: did not expect [https://erpindia.inscol.com/auth/sign-in] but found [https://erpindia.inscol.com/auth/sign-in]
at org.testng.Assert.fail(Assert.java:99)
at org.testng.Assert.failEquals(Assert.java:1041)
at org.testng.Assert.assertNotEqualsImpl(Assert.java:147)
at org.testng.Assert.assertNotEquals(Assert.java:1531)
at org.testng.Assert.assertNotEquals(Assert.java:1535)
at testcases.SignInTest.IsForgot(SignInTest.java:74)
at java.base/jdk.internal.reflect.DirectMethodHandleAccessor.invoke(DirectMethodHandleAccessor.java:103)
at java.base/java.lang.reflect.Method.invoke(Method.java:580)
at org.testng.internal.MethodInvocationHelper.invokeMethod(MethodInvocationHelper.java:133)
at org.testng.internal.TestInvoker.invokeMethod(TestInvoker.java:598)
at org.testng.internal.TestInvoker.invokeTestMethod(TestInvoker.java:173)
at org.testng.internal.MethodRunner.runInSequence(MethodRunner.java:46)
at org.testng.internal.TestInvoker$MethodInvocationAgent.invoke(TestInvoker.java:824)
at org.testng.internal.TestInvoker.invokeTestMethods(TestInvoker.java:146)
at org.testng.internal.TestMethodWorker.invokeTestMethods(TestMethodWorker.java:146)
at org.testng.internal.TestMethodWorker.run(TestMethodWorker.java:128)
at java.base/java.util.ArrayList.forEach(ArrayList.java:1597)
at org.testng.TestRunner.privateRun(TestRunner.java:794)
at org.testng.TestRunner.run(TestRunner.java:596)
at org.testng.SuiteRunner.runTest(SuiteRunner.java:377)
at org.testng.SuiteRunner.runSequentially(SuiteRunner.java:371)
at org.testng.SuiteRunner.privateRun(SuiteRunner.java:332)
at org.testng.SuiteRunner.run(SuiteRunner.java:276)
at org.testng.SuiteRunnerWorker.runSuite(SuiteRunnerWorker.java:53)
at org.testng.SuiteRunnerWorker.run(SuiteRunnerWorker.java:96)
at org.testng.TestNG.runSuitesSequentially(TestNG.java:1212)
at org.testng.TestNG.runSuitesLocally(TestNG.java:1134)
at org.testng.TestNG.runSuites(TestNG.java:1063)
at org.testng.TestNG.run(TestNG.java:1031)
at org.testng.remote.AbstractRemoteTestNG.run(AbstractRemoteTestNG.java:115)
at org.testng.remote.RemoteTestNG.initAndRun(RemoteTestNG.java:293)
at org.testng.remote.RemoteTestNG.main(RemoteTestNG.java:91)
]]>
            </full-stacktrace>
          </exception> <!-- java.lang.AssertionError -->
          <reporter-output>
          </reporter-output>
        </test-method> <!-- IsForgot -->
        <test-method signature="enterusername()[pri:10, instance:testcases.SignInTest@4e0ae11f]" started-at="2025-02-03T10:53:11 IST" name="enterusername" finished-at="2025-02-03T10:53:11 IST" duration-ms="337" status="PASS">
          <reporter-output>
          </reporter-output>
        </test-method> <!-- enterusername -->
        <test-method signature="passwordToggleTest()[pri:10, instance:testcases.SignInTest@4e0ae11f]" started-at="2025-02-03T10:53:11 IST" name="passwordToggleTest" finished-at="2025-02-03T10:53:12 IST" duration-ms="449" status="PASS">
          <reporter-output>
          </reporter-output>
        </test-method> <!-- passwordToggleTest -->
        <test-method signature="enterpassword()[pri:11, instance:testcases.SignInTest@4e0ae11f]" started-at="2025-02-03T10:53:12 IST" name="enterpassword" finished-at="2025-02-03T10:53:12 IST" duration-ms="177" status="PASS">
          <reporter-output>
          </reporter-output>
        </test-method> <!-- enterpassword -->
        <test-method signature="register()[pri:12, instance:testcases.SignInTest@4e0ae11f]" started-at="2025-02-03T10:53:12 IST" name="register" finished-at="2025-02-03T10:53:12 IST" duration-ms="226" status="PASS">
          <reporter-output>
          </reporter-output>
        </test-method> <!-- register -->
        <test-method signature="IsSignClicked()[pri:14, instance:testcases.SignInTest@4e0ae11f]" started-at="2025-02-03T10:53:12 IST" name="IsSignClicked" finished-at="2025-02-03T10:53:13 IST" duration-ms="278" status="PASS">
          <reporter-output>
          </reporter-output>
        </test-method> <!-- IsSignClicked -->
        <test-method is-config="true" signature="teardown()[pri:0, instance:testcases.SignInTest@4e0ae11f]" started-at="2025-02-03T10:53:13 IST" name="teardown" finished-at="2025-02-03T10:53:13 IST" duration-ms="379" status="PASS">
          <reporter-output>
          </reporter-output>
        </test-method> <!-- teardown -->
      </class> <!-- testcases.SignInTest -->
    </test> <!-- paracheck -->
  </suite> <!-- Suite -->
</testng-results>
